  Source.cpp
C:\Users\caran\OneDrive\Documentos\Tareas 5to Semestre\Visión Artificial\Prácticas\Práctica 2\Practica2\Source.cpp(83,16): warning C4244: '=': conversión de 'int' a 'float'; posible pérdida de datos
C:\Users\caran\OneDrive\Documentos\Tareas 5to Semestre\Visión Artificial\Prácticas\Práctica 2\Practica2\Source.cpp(87,11): warning C4244: '=': conversión de 'double' a 'int'; posible pérdida de datos
C:\Users\caran\OneDrive\Documentos\Tareas 5to Semestre\Visión Artificial\Prácticas\Práctica 2\Practica2\Source.cpp(88,11): warning C4244: '=': conversión de 'double' a 'int'; posible pérdida de datos
C:\Users\caran\OneDrive\Documentos\Tareas 5to Semestre\Visión Artificial\Prácticas\Práctica 2\Practica2\Source.cpp(93,20): warning C4244: '=': conversión de 'double' a 'float'; posible pérdida de datos
C:\Users\caran\OneDrive\Documentos\Tareas 5to Semestre\Visión Artificial\Prácticas\Práctica 2\Practica2\Source.cpp(94,78): warning C4244: '=': conversión de 'double' a '_Tp'; posible pérdida de datos
          with
          [
              _Tp=float
          ]
C:\Users\caran\OneDrive\Documentos\Tareas 5to Semestre\Visión Artificial\Prácticas\Práctica 2\Practica2\Source.cpp(205,33): warning C4804: '<=': uso no seguro del tipo 'bool' en la operación
C:\Users\caran\OneDrive\Documentos\Tareas 5to Semestre\Visión Artificial\Prácticas\Práctica 2\Practica2\Source.cpp(228,15): warning C4101: 'valorEo': variable local sin referencia
C:\Users\caran\OneDrive\Documentos\Tareas 5to Semestre\Visión Artificial\Prácticas\Práctica 2\Practica2\Source.cpp(431,86): warning C4244: '=': conversión de 'float' a '_Tp'; posible pérdida de datos
          with
          [
              _Tp=uchar
          ]
C:\Users\caran\OneDrive\Documentos\Tareas 5to Semestre\Visión Artificial\Prácticas\Práctica 2\Practica2\Source.cpp(437,86): warning C4244: '=': conversión de 'float' a '_Tp'; posible pérdida de datos
          with
          [
              _Tp=uchar
          ]
C:\Users\caran\OneDrive\Documentos\Tareas 5to Semestre\Visión Artificial\Prácticas\Práctica 2\Practica2\Source.cpp(509,15): warning C4244: 'argumento': conversión de 'float' a 'int'; posible pérdida de datos
  Generando código
  2 of 119 functions ( 1.7%) were compiled, the rest were copied from previous compilation.
    1 functions were new in current compilation
    1 functions had inline decision re-evaluated but remain unchanged
  Generación de código finalizada
  Practica2.vcxproj -> C:\Users\caran\OneDrive\Documentos\Tareas 5to Semestre\Visión Artificial\Prácticas\Práctica 2\Practica2\x64\Release\Practica2.exe
